app/build/outputs/mapping/debug/seeds.txt
id.co.gesangmultimedia.siapic.KawasanIndustri: void showKPI(android.view.View)
id.co.gesangmultimedia.siapic.RtrwCilacap: void showHutanProduksi(android.view.View)
id.co.gesangmultimedia.siapic.DataKecamatan: void showMajenang(android.view.View)
id.co.gesangmultimedia.siapic.TampilkanVideo
id.co.gesangmultimedia.siapic.VideoPotensi: void oss(android.view.View)
id.co.gesangmultimedia.siapic.RtrwCilacap: void showKota(android.view.View)
id.co.gesangmultimedia.siapic.VideoPotensi: void pantai(android.view.View)
id.co.gesangmultimedia.siapic.RtrwCilacap: void showResapanAir(android.view.View)
id.co.gesangmultimedia.siapic.VideoPotensi: void sidat(android.view.View)
id.co.gesangmultimedia.siapic.DataKecamatan: void showPatimuan(android.view.View)
id.co.gesangmultimedia.siapic.VideoPotensi: void pameran(android.view.View)
id.co.gesangmultimedia.siapic.DataKecamatan: void showGandrungmangu(android.view.View)
id.co.gesangmultimedia.siapic.VideoPotensi: VideoPotensi()
id.co.gesangmultimedia.siapic.VideoPotensi: void rtrw(android.view.View)
id.co.gesangmultimedia.siapic.DataKecamatan: DataKecamatan()
id.co.gesangmultimedia.siapic.BerandaSop: void gasik(android.view.View)
id.co.gesangmultimedia.siapic.MainActivity: void pdfgo(android.view.View)
id.co.gesangmultimedia.siapic.MainActivity
id.co.gesangmultimedia.siapic.VideoPotensi: void potensi(android.view.View)
id.co.gesangmultimedia.siapic.BerandaSop: void jempol(android.view.View)
id.co.gesangmultimedia.siapic.FirstFragment: FirstFragment()
id.co.gesangmultimedia.siapic.RtrwCilacap: void showNonHutan(android.view.View)
id.co.gesangmultimedia.siapic.MainActivity: void kawasan(android.view.View)
id.co.gesangmultimedia.siapic.DataKecamatan: void showCimanggu(android.view.View)
id.co.gesangmultimedia.siapic.BerandaSop
id.co.gesangmultimedia.siapic.KawasanIndustri: void showCilacap(android.view.View)
id.co.gesangmultimedia.siapic.PotensiUmum: void rumah(android.view.View)
id.co.gesangmultimedia.siapic.VideoPotensi: void wedus(android.view.View)
id.co.gesangmultimedia.siapic.VideoPotensi: void stik(android.view.View)
id.co.gesangmultimedia.siapic.VideoPotensi: void tengiri(android.view.View)
id.co.gesangmultimedia.siapic.RtrwCilacap: void showLongsor(android.view.View)
id.co.gesangmultimedia.siapic.VideoPotensi: void semut(android.view.View)
id.co.gesangmultimedia.siapic.BerandaSop: BerandaSop()
id.co.gesangmultimedia.siapic.DataKecamatan: void showKplaut(android.view.View)
id.co.gesangmultimedia.siapic.VideoPotensi: void hotspring(android.view.View)
id.co.gesangmultimedia.siapic.SplashScreen
id.co.gesangmultimedia.siapic.DataKecamatan: void showDayeuhluhur(android.view.View)
id.co.gesangmultimedia.siapic.ShowPdf: void kembali(android.view.View)
id.co.gesangmultimedia.siapic.DataKecamatan: void showMaos(android.view.View)
id.co.gesangmultimedia.siapic.RtrwCilacap: void showMangrove(android.view.View)
id.co.gesangmultimedia.siapic.ShowPdf: ShowPdf()
id.co.gesangmultimedia.siapic.MainActivity: void rtrw(android.view.View)
id.co.gesangmultimedia.siapic.VideoPotensi: void nata(android.view.View)
id.co.gesangmultimedia.siapic.RtrwCilacap: RtrwCilacap()
id.co.gesangmultimedia.siapic.DataKecamatan: void showCipari(android.view.View)
id.co.gesangmultimedia.siapic.RtrwCilacap: void showSegaraAnakan(android.view.View)
id.co.gesangmultimedia.siapic.RtrwCilacap: void showKebonan(android.view.View)
id.co.gesangmultimedia.siapic.VideoPotensi: void batik(android.view.View)
id.co.gesangmultimedia.siapic.TampilkanVideo: void balik(android.view.View)
id.co.gesangmultimedia.siapic.RtrwCilacap: void showLahanbasah(android.view.View)
id.co.gesangmultimedia.siapic.DataKecamatan: void showClputara(android.view.View)
id.co.gesangmultimedia.siapic.VideoPotensi: void asin(android.view.View)
id.co.gesangmultimedia.siapic.CumstomInfoContent: CumstomInfoContent()
id.co.gesangmultimedia.siapic.DataKecamatan: void showKawunganten(android.view.View)
...
com.google.android.material.chip.Chip: void setRippleColor(android.content.res.ColorStateList)
com.google.android.material.card.MaterialCardView: android.graphics.RectF getBoundsAsRectF()
androidx.appcompat.widget.Toolbar: int getCurrentContentInsetRight()
androidx.constraintlayout.solver.widgets.ConstraintWidget$DimensionBehaviour: androidx.constraintlayout.solver.widgets.ConstraintWidget$DimensionBehaviour valueOf(java.lang.String)
com.google.android.material.button.MaterialButton: void setIcon(android.graphics.drawable.Drawable)
com.google.android.material.bottomappbar.BottomAppBar: int getFabAlignmentMode()
androidx.media.AudioAttributesCompatParcelizer: AudioAttributesCompatParcelizer()
com.google.android.material.textfield.TextInputLayout: TextInputLayout(android.content.Context,android.util.AttributeSet)
com.google.android.material.chip.Chip: void setElevation(float)
com.google.ads.mediation.customevent.CustomEventAdapter: java.lang.Class getAdditionalParametersType()
androidx.appcompat.widget.AppCompatImageView: void setImageURI(android.net.Uri)
com.google.ads.mediation.AbstractAdViewAdapter: void requestNativeAd(android.content.Context,com.google.android.gms.ads.mediation.MediationNativeListener,android.os.Bundle,com.google.android.gms.ads.mediation.NativeMediationAdRequest,android.os.Bundle)
androidx.recyclerview.widget.RecyclerView: int getBaseline()
com.google.android.gms.ads.formats.UnifiedNativeAdView: android.view.View getCallToActionView()
com.google.android.material.textfield.TextInputLayout
com.google.android.material.card.MaterialCardView: void setClickable(boolean)
com.google.android.material.card.MaterialCardView: void setCheckedIconSize(int)
com.google.android.gms.ads.doubleclick.PublisherAdView: void setVideoOptions(com.google.android.gms.ads.VideoOptions)
androidx.lifecycle.ReportFragment$LifecycleCallbacks: void onActivityPrePaused(android.app.Activity)
com.google.android.gms.ads.mediation.MediationBannerAdapter: void onPause()
com.pierfrancescosoffritti.androidyoutubeplayer.core.player.views.LegacyYouTubePlayerView: com.pierfrancescosoffritti.androidyoutubeplayer.core.ui.PlayerUiController getPlayerUiController()
androidx.cardview.widget.CardView: void setCardBackgroundColor(android.content.res.ColorStateList)
androidx.vectordrawable.graphics.drawable.VectorDrawableCompat$VPath: java.lang.String getPathName()
com.google.android.gms.ads.mediation.MediationBannerAdapter: void onResume()
com.google.android.gms.internal.ads.zzbgj: void onResume()
androidx.recyclerview.widget.RecyclerView: long getNanoTime()
androidx.appcompat.widget.ScrollingTabContainerView: void setContentHeight(int)
com.google.android.material.appbar.AppBarLayout: void setVisibility(int)
androidx.appcompat.widget.Toolbar: void setNavigationOnClickListener(android.view.View$OnClickListener)
androidx.appcompat.widget.SearchView: java.lang.CharSequence getQuery()
com.google.android.material.textfield.TextInputLayout: void setCounterMaxLength(int)
com.google.android.material.chip.Chip: float getTextEndPadding()
com.google.android.material.button.MaterialButton: android.graphics.PorterDuff$Mode getSupportBackgroundTintMode()
com.google.android.material.textfield.TextInputLayout: void setEndIconOnClickListener(android.view.View$OnClickListener)
androidx.appcompat.view.menu.ListMenuItemView
com.google.android.material.floatingactionbutton.FloatingActionButton: void setImageDrawable(android.graphics.drawable.Drawable)
com.google.android.material.appbar.ViewOffsetBehavior: ViewOffsetBehavior(android.content.Context,android.util.AttributeSet)
com.google.android.material.card.MaterialCardView: int getCheckedIconMargin()
androidx.appcompat.widget.AppCompatButton: void setSupportCompoundDrawablesTintMode(android.graphics.PorterDuff$Mode)
androidx.appcompat.view.menu.ActionMenuItemView: void setChecked(boolean)
com.google.android.gms.ads.formats.UnifiedNativeAdView: com.google.android.gms.ads.formats.AdChoicesView getAdChoicesView()