app/build/outputs/mapping/debug/mapping.txt
# compiler: R8
# compiler_version: 2.1.62
# min_api: 21
# pg_map_id: 0c552ba
# common_typos_disable
id.co.gesangmultimedia.siapic.About -> id.co.gesangmultimedia.siapic.About:
    7:7:void <init>() -> <init>
    11:14:void onCreate(android.os.Bundle) -> onCreate
id.co.gesangmultimedia.siapic.BerandaSop -> id.co.gesangmultimedia.siapic.BerandaSop:
    13:13:void <init>() -> <init>
    37:38:void clear(android.view.View) -> clear
    22:24:void gasik(android.view.View) -> gasik
    58:62:void gojempol(android.view.View) -> gojempol
    51:55:void gooss(android.view.View) -> gooss
    41:48:void jempol(android.view.View) -> jempol
    17:19:void onCreate(android.os.Bundle) -> onCreate
    27:34:void showOss(android.view.View) -> showOss
id.co.gesangmultimedia.siapic.CumstomInfoContent -> id.co.gesangmultimedia.siapic.CumstomInfoContent:
    7:7:void <init>() -> <init>
    11:13:void onCreate(android.os.Bundle) -> onCreate
id.co.gesangmultimedia.siapic.DataKecamatan -> id.co.gesangmultimedia.siapic.DataKecamatan:
    com.google.android.gms.maps.model.LatLng DAYEUHLUHUR -> A
    com.google.android.gms.maps.model.LatLng KARANGPUCUNG -> E
    com.google.android.gms.maps.model.LatLng KROYA -> I
    com.google.android.gms.maps.model.LatLng WEDUSGNTELU -> E0
    com.google.android.gms.maps.model.LatLng WISATAUJUNGALANG -> C0
    com.google.android.gms.maps.model.LatLng PATIMUAN -> M
    com.google.android.gms.maps.model.LatLng UDANGMERTASINGA -> A0
    com.google.android.gms.maps.model.LatLng CILACAP -> r
    com.google.android.gms.maps.model.LatLng AIRPANASCIPARI -> Q
    com.google.android.gms.maps.model.LatLng CILACAPSELATAN -> v
    com.google.android.gms.maps.model.LatLng SAPIMAJENANG -> U
    com.google.android.gms.maps.model.LatLng UDANGCILSEL -> z0
    com.google.android.gms.maps.model.LatLng TERMINALMAJENANG -> x0
    com.google.android.gms.maps.model.LatLng CIPARI -> z
    com.google.android.gms.maps.model.LatLng HUTANPAYAU -> Y
    com.google.android.gms.maps.model.LatLng STASIUNKROYA -> v0
    int markerclicked -> q
    com.google.android.gms.maps.model.LatLng STASIUNSDREJA -> u0
    com.google.android.gms.maps.model.LatLng STASIUNCILACAP -> s0
    com.google.android.gms.maps.model.LatLng TERMINALKRPUCUNG -> q0
    com.google.android.gms.maps.model.LatLng GANDRUNGMANGU -> B
    com.google.android.gms.maps.model.LatLng PELABUHANSODONG -> o0
id.co.gesangmultimedia.siapic.DataKecamatan$1 -> id.co.gesangmultimedia.siapic.DataKecamatan$a:
    android.widget.Spinner val$spinkecamatan -> b
    id.co.gesangmultimedia.siapic.DataKecamatan this$0 -> c
    185:185:void <init>(id.co.gesangmultimedia.siapic.DataKecamatan,android.widget.Spinner) -> <init>
    188:430:void onItemSelected(android.widget.AdapterView,android.view.View,int,long) -> onItemSelected
    435:435:void onNothingSelected(android.widget.AdapterView) -> onNothingSelected
id.co.gesangmultimedia.siapic.DataKecamatan$2 -> id.co.gesangmultimedia.siapic.DataKecamatan$b:
    android.widget.Spinner val$spinkecamatan -> b
    id.co.gesangmultimedia.siapic.DataKecamatan this$0 -> c
    439:439:void <init>(id.co.gesangmultimedia.siapic.DataKecamatan,android.widget.Spinner) -> <init>
    442:446:void onClick(android.view.View) -> onClick
id.co.gesangmultimedia.siapic.DataKecamatan$3 -> id.co.gesangmultimedia.siapic.DataKecamatan$c:
    id.co.gesangmultimedia.siapic.DataKecamatan this$0 -> b
    2199:2199:void <init>(id.co.gesangmultimedia.siapic.DataKecamatan) -> <init>
    2202:2202:android.view.View getInfoWindow(com.google.android.gms.maps.model.Marker) -> a
    2207:2227:android.view.View getInfoContents(com.google.android.gms.maps.model.Marker) -> b
id.co.gesangmultimedia.siapic.FirstFragment -> id.co.gesangmultimedia.siapic.FirstFragment:
    12:12:void <init>() -> <init>
    20:20:android.view.View onCreateView(android.view.LayoutInflater,android.view.ViewGroup,android.os.Bundle) -> e0
    24:33:void onViewCreated(android.view.View,android.os.Bundle) -> w0
...
com.github.barteksc.pdfviewer.DecodingAsyncTask -> c.a.a.a.c:
    java.lang.String password -> f
    android.content.Context context -> c
    int pageHeight -> j
    com.github.barteksc.pdfviewer.PDFView pdfView -> b
    com.shockwave.pdfium.PdfDocument pdfDocument -> e
    int firstPageIdx -> h
    int pageWidth -> i
    com.shockwave.pdfium.PdfiumCore pdfiumCore -> d
    boolean cancelled -> a
    com.github.barteksc.pdfviewer.source.DocumentSource docSource -> g
    40:48:void <init>(com.github.barteksc.pdfviewer.source.DocumentSource,java.lang.String,com.github.barteksc.pdfviewer.PDFView,com.shockwave.pdfium.PdfiumCore,int) -> <init>
    53:60:java.lang.Throwable doInBackground(java.lang.Void[]) -> a
    66:73:void onPostExecute(java.lang.Throwable) -> b
    25:25:java.lang.Object doInBackground(java.lang.Object[]) -> doInBackground
    77:78:void onCancelled() -> onCancelled
    25:25:void onPostExecute(java.lang.Object) -> onPostExecute
com.github.barteksc.pdfviewer.DragPinchManager -> c.a.a.a.d:
    com.github.barteksc.pdfviewer.PDFView pdfView -> b
    android.view.GestureDetector gestureDetector -> d
    boolean isSwipeEnabled -> f
    android.view.ScaleGestureDetector scaleGestureDetector -> e
    boolean scrolling -> g
    boolean scaling -> h
    com.github.barteksc.pdfviewer.AnimationManager animationManager -> c
    46:57:void <init>(com.github.barteksc.pdfviewer.PDFView,com.github.barteksc.pdfviewer.AnimationManager) -> <init>
    60:65:void enableDoubletap(boolean) -> a
    216:219:void hideHandle() -> b
    68:68:boolean isZooming() -> c
    146:148:void onScrollEnd(android.view.MotionEvent) -> d
    76:77:void setSwipeEnabled(boolean) -> e
    80:81:void setSwipeVertical(boolean) -> f
    102:109:boolean onDoubleTap(android.view.MotionEvent) -> onDoubleTap
    114:114:boolean onDoubleTapEvent(android.view.MotionEvent) -> onDoubleTapEvent
    119:120:boolean onDown(android.view.MotionEvent) -> onDown
    157:172:boolean onFling(android.view.MotionEvent,android.view.MotionEvent,float,float) -> onFling
    153:153:void onLongPress(android.view.MotionEvent) -> onLongPress
    177:185:boolean onScale(android.view.ScaleGestureDetector) -> onScale
    190:191:boolean onScaleBegin(android.view.ScaleGestureDetector) -> onScaleBegin
    196:199:void onScaleEnd(android.view.ScaleGestureDetector) -> onScaleEnd
com.github.barteksc.pdfviewer.PDFView -> com.github.barteksc.pdfviewer.PDFView:
    int documentPageCount -> l
    com.github.barteksc.pdfviewer.PagesLoader pagesLoader -> z
    boolean recycled -> u
    float midZoom -> c
    java.util.List onDrawPagesNums -> W
    com.github.barteksc.pdfviewer.listener.OnTapListener onTapListener -> H
    com.github.barteksc.pdfviewer.DragPinchManager dragPinchManager -> h
    boolean enableAntialiasing -> T
    com.github.barteksc.pdfviewer.listener.OnDrawListener onDrawListener -> E
    com.github.barteksc.pdfviewer.AnimationManager animationManager -> g
    com.github.barteksc.pdfviewer.DecodingAsyncTask decodingAsyncTask -> w
    com.github.barteksc.pdfviewer.PDFView$ScrollDir scrollDir -> e
    com.github.barteksc.pdfviewer.RenderingHandler renderingHandler -> y
    float currentYOffset -> s
    int[] filteredUserPages -> j
    int invalidPageColor -> L
    int currentPage -> m
    float maxZoom -> d
    com.github.barteksc.pdfviewer.listener.OnPageErrorListener onPageErrorListener -> I
    android.graphics.PaintFlagsDrawFilter antialiasFilter -> U
    android.graphics.Paint paint -> J
    int[] originalUserPages -> i
    float zoom -> t
    float optimalPageWidth -> p
    com.shockwave.pdfium.PdfiumCore pdfiumCore -> O
    int pageWidth -> n
    boolean swipeVertical -> N
    int defaultPage -> M
    com.github.barteksc.pdfviewer.listener.OnLoadCompleteListener onLoadCompleteListener -> A
com.github.barteksc.pdfviewer.PDFView$1 -> com.github.barteksc.pdfviewer.PDFView$a: