app/build/outputs/mapping/debug/usage.txt
id.co.gesangmultimedia.siapic.R$styleable
id.co.gesangmultimedia.siapic.BuildConfig
id.co.gesangmultimedia.siapic.R$plurals
id.co.gesangmultimedia.siapic.R$xml
id.co.gesangmultimedia.siapic.MainActivity:
    private java.lang.Object showVideoPotensi
id.co.gesangmultimedia.siapic.R$animator
id.co.gesangmultimedia.siapic.R$integer
id.co.gesangmultimedia.siapic.R$interpolator
id.co.gesangmultimedia.siapic.About:
    private java.lang.Object txtAbout
id.co.gesangmultimedia.siapic.R$string
id.co.gesangmultimedia.siapic.PotensiUmum:
    private void momongan()
    public boolean onMyLocationButtonClick()
    public void onMyLocationClick(android.location.Location)
    private android.widget.Spinner spModa
    private android.widget.Spinner spTranport
    private com.google.android.gms.maps.model.Marker mabur
id.co.gesangmultimedia.siapic.R
id.co.gesangmultimedia.siapic.KawasanIndustri:
    private com.google.android.gms.maps.model.BitmapDescriptor bitmapDescriptorFromVector(android.content.Context,int)
    private com.google.maps.android.data.geojson.GeoJsonLayer geoJsonLayer
    private android.widget.Spinner spKpi
id.co.gesangmultimedia.siapic.R$id
id.co.gesangmultimedia.siapic.R$attr
id.co.gesangmultimedia.siapic.R$mipmap
id.co.gesangmultimedia.siapic.R$raw
id.co.gesangmultimedia.siapic.R$bool
id.co.gesangmultimedia.siapic.DataKecamatan:
    private void showIkanSampang()
    private com.google.maps.android.data.geojson.GeoJsonLayer geoJsonLayer
    private android.widget.Spinner spKecamatan
    private com.google.maps.android.data.kml.KmlLayer kmlLayer
    private androidx.navigation.FloatingWindow fabBack
id.co.gesangmultimedia.siapic.R$color
id.co.gesangmultimedia.siapic.R$array
id.co.gesangmultimedia.siapic.R$font
id.co.gesangmultimedia.siapic.MarkerInfoWindowAdapter
id.co.gesangmultimedia.siapic.LaporanBug:
    private android.widget.Button HideProgressbar
id.co.gesangmultimedia.siapic.R$style
id.co.gesangmultimedia.siapic.R$dimen
id.co.gesangmultimedia.siapic.R$layout
id.co.gesangmultimedia.siapic.R$drawable
id.co.gesangmultimedia.siapic.R$anim
id.co.gesangmultimedia.siapic.RtrwCilacap:
    java.lang.Object geoJsonLayer
    java.lang.Object kmlLayer
    com.google.android.material.floatingactionbutton.FloatingActionButton fabMenu
    androidx.appcompat.app.AlertDialog$Builder dialog
    android.view.LayoutInflater inflater
    android.view.View dialogView
id.co.gesangmultimedia.siapic.R$navigation
id.co.gesangmultimedia.siapic.TampilkanVideo$1:
    public final synthetic id.co.gesangmultimedia.siapic.TampilkanVideo this$0
id.co.gesangmultimedia.siapic.PotensiUmum:
    public java.lang.String strModa
    public java.lang.String strTransport
    public static final synthetic boolean $assertionsDisabled
id.co.gesangmultimedia.siapic.KawasanIndustri:
    public static final synthetic boolean $assertionsDisabled
id.co.gesangmultimedia.siapic.DataKecamatan:
    public static final com.google.android.gms.maps.model.LatLng BUNTON
    public static final synthetic boolean $assertionsDisabled
id.co.gesangmultimedia.siapic.LaporanBug:
    public android.widget.Spinner spJenisBug
    public android.widget.TextView nomreTelpon
id.co.gesangmultimedia.siapic.SplashScreen:
    public int waktu_loading
id.co.gesangmultimedia.siapic.RtrwCilacap$2:
    public final synthetic id.co.gesangmultimedia.siapic.RtrwCilacap this$0
...
com.google.android.gms.ads.mediation.MediationBannerAdCallback
com.google.android.gms.internal.location.zzag
com.google.android.gms.internal.ads.zzagh
androidx.recyclerview.widget.ThreadUtil
com.google.android.gms.internal.drive.zzmv
com.google.android.gms.internal.drive.zzbv
com.google.android.gms.drive.events.zzn
kotlin.collections.EmptyIterator
com.google.android.gms.location.LocationAvailability
com.google.maps.android.clustering.algo.NonHierarchicalDistanceBasedAlgorithm$1
kotlin.jvm.JvmField
androidx.media.MediaBrowserServiceCompat$ServiceHandler
kotlin.jvm.functions.Function12
kotlin.ranges.UIntProgression
com.google.android.gms.common.internal.zap
com.google.android.gms.common.api.internal.RegistrationMethods$Builder
androidx.cardview.widget.CardViewBaseImpl:
    private androidx.cardview.widget.RoundRectDrawableWithShadow createBackground(android.content.Context,android.content.res.ColorStateList,float,float,float)
    public void initialize(androidx.cardview.widget.CardViewDelegate,android.content.Context,android.content.res.ColorStateList,float,float,float)
com.google.android.gms.common.images.ImageManager$zac
com.google.android.gms.internal.location.zzax
com.google.android.gms.internal.ads.zzafv
androidx.core.view.accessibility.AccessibilityViewCommand$MoveHtmlArguments:
    public java.lang.String getHTMLElement()
com.google.android.gms.internal.drive.zznh
androidx.core.provider.FontsContractCompat$4$2
com.google.android.gms.internal.common.zze
com.google.android.gms.location.SettingsClient$zza
androidx.fragment.R$styleable:
    private void <init>()
    public static final int ColorStateListItem_android_color
    public static final int ColorStateListItem_android_alpha
    public static final int ColorStateListItem_alpha
    public static final int FontFamily_fontProviderAuthority
    public static final int FontFamily_fontProviderCerts
    public static final int FontFamily_fontProviderFetchStrategy
    public static final int FontFamily_fontProviderFetchTimeout
    public static final int FontFamily_fontProviderPackage
    public static final int FontFamily_fontProviderQuery
    public static final int FontFamilyFont_android_font
    public static final int FontFamilyFont_android_fontWeight
    public static final int FontFamilyFont_android_fontStyle
    public static final int FontFamilyFont_android_ttcIndex
    public static final int FontFamilyFont_android_fontVariationSettings
    public static final int FontFamilyFont_font
    public static final int FontFamilyFont_fontStyle
    public static final int FontFamilyFont_fontVariationSettings
    public static final int FontFamilyFont_fontWeight
    public static final int FontFamilyFont_ttcIndex
    public static final int GradientColor_android_startColor
    public static final int GradientColor_android_endColor
    public static final int GradientColor_android_type
    public static final int GradientColor_android_centerX
    public static final int GradientColor_android_centerY
androidx.cardview.widget.CardViewApi21Impl:
    public void initialize(androidx.cardview.widget.CardViewDelegate,android.content.Context,android.content.res.ColorStateList,float,float,float)
com.google.android.gms.drive.query.Filters
androidx.collection.SimpleArrayMap:
    private static final boolean DEBUG
    private static final java.lang.String TAG
    private static final boolean CONCURRENT_MODIFICATION_EXCEPTIONS
    private static final int BASE_SIZE
    private static final int CACHE_SIZE
androidx.core.graphics.TypefaceCompat:
    private void <init>()
com.google.android.gms.internal.drive.zzme
kotlin.contracts.ContractBuilderKt
com.google.android.material.datepicker.DateSelector:
    public abstract void setSelection(java.lang.Object)
    public abstract int getDefaultTitleResId()
kotlin.sequences.DropSequence
com.google.android.gms.internal.drive.zzbe
kotlin.coroutines.jvm.internal.Boxing
com.google.android.gms.internal.location.zzbj